TN:
SF:src/theme-context.ts
FN:18,readStoredThemePreference
FN:33,getSystemTheme
FN:39,resolveInitialTheme
FN:57,applyTheme
FN:65,useTheme
FNF:5
FNH:5
FNDA:14,readStoredThemePreference
FNDA:14,getSystemTheme
FNDA:14,resolveInitialTheme
FNDA:17,applyTheme
FNDA:6,useTheme
DA:12,3
DA:16,3
DA:21,14
DA:22,0
DA:25,14
DA:26,14
DA:27,14
DA:29,0
DA:36,14
DA:43,14
DA:44,0
DA:47,14
DA:52,14
DA:54,14
DA:61,17
DA:62,17
DA:66,6
DA:67,6
DA:68,0
DA:70,6
LF:20
LH:16
BRDA:21,0,0,0
BRDA:21,0,1,14
BRDA:27,1,0,2
BRDA:27,1,1,12
BRDA:27,2,0,14
BRDA:27,2,1,14
BRDA:36,3,0,1
BRDA:36,3,1,13
BRDA:43,4,0,0
BRDA:43,4,1,14
BRDA:48,5,0,3
BRDA:48,5,1,11
BRDA:59,6,0,17
BRDA:67,7,0,0
BRDA:67,7,1,6
BRF:15
BRH:12
end_of_record
TN:
SF:src/theme-shared.ts
FNF:0
FNH:0
DA:1,3
LF:1
LH:1
BRF:0
BRH:0
end_of_record
TN:
SF:src/theme.tsx
FN:11,ThemeProvider
FN:17,(anonymous_1)
FN:21,(anonymous_2)
FN:35,(anonymous_3)
FN:36,(anonymous_4)
FN:44,(anonymous_5)
FN:49,(anonymous_6)
FN:65,(anonymous_7)
FN:68,(anonymous_8)
FN:69,(anonymous_9)
FN:74,(anonymous_10)
FN:75,(anonymous_11)
FNF:12
FNH:10
FNDA:17,ThemeProvider
FNDA:17,(anonymous_1)
FNDA:16,(anonymous_2)
FNDA:1,(anonymous_3)
FNDA:1,(anonymous_4)
FNDA:2,(anonymous_5)
FNDA:16,(anonymous_6)
FNDA:17,(anonymous_7)
FNDA:0,(anonymous_8)
FNDA:0,(anonymous_9)
FNDA:2,(anonymous_10)
FNDA:2,(anonymous_11)
DA:12,17
DA:15,17
DA:17,17
DA:18,17
DA:21,17
DA:22,16
DA:23,0
DA:26,16
DA:27,4
DA:30,12
DA:31,10
DA:34,2
DA:35,2
DA:36,1
DA:42,2
DA:44,2
DA:45,2
DA:49,17
DA:50,16
DA:51,0
DA:54,16
DA:55,16
DA:56,4
DA:58,12
DA:65,17
DA:66,17
DA:69,0
DA:75,2
DA:87,17
LF:29
LH:26
BRDA:15,0,0,17
BRDA:15,0,1,13
BRDA:22,1,0,0
BRDA:22,1,1,16
BRDA:26,2,0,4
BRDA:26,2,1,12
BRDA:30,3,0,10
BRDA:30,3,1,2
BRDA:38,4,0,0
BRDA:38,4,1,1
BRDA:50,5,0,0
BRDA:50,5,1,16
BRDA:55,6,0,4
BRDA:55,6,1,12
BRDA:77,7,0,1
BRDA:77,7,1,1
BRDA:78,8,0,2
BRDA:78,8,1,1
BRF:18
BRH:15
end_of_record
TN:
SF:src/api/client.ts
FN:42,checkReadiness
FN:49,fetchJSON
FN:69,postJSON
FN:82,postNoBodyJSON
FN:88,deleteNoContent
FN:107,listBuilds
FN:112,getBuild
FN:119,getBuildSteps
FN:126,getStepLogs
FN:138,getBuildArtifacts
FN:145,listArtifacts
FN:175,createJobVersionTags
FN:186,artifactDownloadURL
FN:193,buildStepLogStreamURL
FN:201,listJobs
FN:206,getJob
FN:213,createJob
FN:221,updateJob
FN:238,runJob
FN:245,listBuildsByJob
FN:252,listSourceCredentials
FN:259,createSourceCredential
FN:269,updateSourceCredential
FN:286,deleteSourceCredential
FNF:24
FNH:12
FNDA:0,checkReadiness
FNDA:8,fetchJSON
FNDA:2,postJSON
FNDA:1,postNoBodyJSON
FNDA:0,deleteNoContent
FNDA:0,listBuilds
FNDA:0,getBuild
FNDA:0,getBuildSteps
FNDA:0,getStepLogs
FNDA:1,getBuildArtifacts
FNDA:1,listArtifacts
FNDA:1,createJobVersionTags
FNDA:1,artifactDownloadURL
FNDA:0,buildStepLogStreamURL
FNDA:1,listJobs
FNDA:0,getJob
FNDA:1,createJob
FNDA:1,updateJob
FNDA:1,runJob
FNDA:0,listBuildsByJob
FNDA:1,listSourceCredentials
FNDA:0,createSourceCredential
FNDA:0,updateSourceCredential
FNDA:0,deleteSourceCredential
DA:40,2
DA:43,0
DA:44,0
DA:45,0
DA:50,8
DA:51,8
DA:52,0
DA:53,0
DA:55,0
DA:56,0
DA:57,0
DA:58,0
DA:64,0
DA:66,8
DA:73,2
DA:83,1
DA:89,0
DA:90,0
DA:91,0
DA:92,0
DA:94,0
DA:95,0
DA:96,0
DA:97,0
DA:103,0
DA:108,0
DA:109,0
DA:113,0
DA:116,0
DA:120,0
DA:123,0
DA:132,0
DA:135,0
DA:139,1
DA:142,1
DA:151,1
DA:152,1
DA:153,1
DA:155,1
DA:156,1
DA:158,1
DA:159,1
DA:161,1
DA:162,1
DA:164,1
DA:165,1
DA:168,1
DA:169,1
DA:172,1
DA:179,1
DA:183,1
DA:187,1
DA:188,0
DA:190,1
DA:198,0
DA:202,1
DA:203,1
DA:207,0
DA:210,0
DA:214,1
DA:218,1
DA:225,1
DA:235,1
DA:239,1
DA:242,1
DA:246,0
DA:249,0
DA:253,1
DA:256,1
DA:262,0
DA:266,0
DA:273,0
DA:283,0
DA:287,0
LF:74
LH:36
BRDA:40,0,0,2
BRDA:40,0,1,2
BRDA:44,1,0,0
BRDA:44,1,1,0
BRDA:51,2,0,0
BRDA:51,2,1,8
BRDA:57,3,0,0
BRDA:57,3,1,0
BRDA:90,4,0,0
BRDA:90,4,1,0
BRDA:96,5,0,0
BRDA:96,5,1,0
BRDA:129,6,0,0
BRDA:130,7,0,0
BRDA:152,8,0,1
BRDA:152,8,1,0
BRDA:153,9,0,1
BRDA:153,9,1,0
BRDA:155,10,0,1
BRDA:155,10,1,0
BRDA:158,11,0,1
BRDA:158,11,1,0
BRDA:161,12,0,1
BRDA:161,12,1,0
BRDA:161,13,0,1
BRDA:161,13,1,1
BRDA:164,14,0,1
BRDA:164,14,1,0
BRDA:164,15,0,1
BRDA:164,15,1,1
BRDA:168,16,0,1
BRDA:168,16,1,0
BRDA:187,17,0,0
BRDA:187,17,1,1
BRDA:196,18,0,0
BRF:35
BRH:15
end_of_record
TN:
SF:src/api/index.ts
FNF:0
FNH:0
LF:0
LH:0
BRF:0
BRH:0
end_of_record
TN:
SF:src/components/ArtifactBrowser.tsx
FN:29,versionLabel
FN:36,versionContext
FN:50,artifactHeading
FN:54,versionCountLabel
FN:58,firstVersionTag
FN:65,ArtifactBrowser
FN:78,(anonymous_6)
FN:114,toggleExpanded
FN:115,(anonymous_8)
FN:117,(anonymous_9)
FN:124,(anonymous_10)
FN:134,(anonymous_11)
FN:227,(anonymous_12)
FN:285,(anonymous_13)
FNF:14
FNH:13
FNDA:151,versionLabel
FNDA:4,versionContext
FNDA:151,artifactHeading
FNDA:151,versionCountLabel
FNDA:147,firstVersionTag
FNDA:38,ArtifactBrowser
FNDA:33,(anonymous_6)
FNDA:3,toggleExpanded
FNDA:3,(anonymous_8)
FNDA:0,(anonymous_9)
FNDA:147,(anonymous_10)
FNDA:3,(anonymous_11)
FNDA:4,(anonymous_12)
FNDA:1,(anonymous_13)
DA:22,1
DA:30,151
DA:31,151
DA:33,0
DA:37,4
DA:42,4
DA:44,0
DA:45,0
DA:47,0
DA:51,151
DA:55,151
DA:61,147
DA:62,147
DA:73,38
DA:75,38
DA:76,11
DA:79,33
DA:88,27
DA:89,0
DA:95,27
DA:96,1
DA:115,3
DA:116,3
DA:117,0
DA:122,26
DA:125,147
DA:126,147
DA:127,147
DA:129,147
DA:134,3
DA:228,4
DA:287,1
LF:32
LH:26
BRDA:30,0,0,151
BRDA:30,0,1,0
BRDA:37,1,0,4
BRDA:37,1,1,0
BRDA:38,2,0,4
BRDA:38,2,1,4
BRDA:38,2,2,4
BRDA:44,3,0,0
BRDA:44,3,1,0
BRDA:51,4,0,151
BRDA:51,4,1,0
BRDA:55,5,0,151
BRDA:55,5,1,0
BRDA:62,6,0,147
BRDA:62,6,1,125
BRDA:69,7,0,38
BRDA:70,8,0,38
BRDA:75,9,0,11
BRDA:75,9,1,27
BRDA:88,10,0,0
BRDA:88,10,1,27
BRDA:95,11,0,1
BRDA:95,11,1,26
BRDA:95,12,0,27
BRDA:95,12,1,27
BRDA:99,13,0,0
BRDA:99,13,1,1
BRDA:101,14,0,1
BRDA:101,14,1,0
BRDA:106,15,0,1
BRDA:106,15,1,0
BRDA:116,16,0,0
BRDA:116,16,1,3
BRDA:144,17,0,4
BRDA:144,17,1,143
BRDA:153,18,0,147
BRDA:153,18,1,147
BRDA:153,18,2,147
BRDA:162,19,0,147
BRDA:162,19,1,147
BRDA:171,20,0,147
BRDA:171,20,1,0
BRDA:175,21,0,147
BRDA:175,21,1,147
BRDA:180,22,0,147
BRDA:180,22,1,147
BRDA:183,23,0,147
BRDA:183,23,1,22
BRDA:192,24,0,147
BRDA:192,24,1,4
BRDA:270,25,0,4
BRDA:270,25,1,0
BRDA:275,26,0,4
BRDA:275,26,1,0
BRDA:281,27,0,4
BRDA:281,27,1,0
BRDA:285,28,0,1
BRDA:285,28,1,0
BRDA:285,29,0,4
BRDA:285,29,1,4
BRF:60
BRH:44
end_of_record
TN:
SF:src/components/BuildArtifactsSection.tsx
FN:15,stepLabel
FN:17,(anonymous_1)
FN:23,ArtifactTable
FN:42,(anonymous_3)
FN:57,(anonymous_4)
FN:74,BuildArtifactsSection
FN:92,(anonymous_6)
FN:103,(anonymous_7)
FN:117,(anonymous_8)
FNF:9
FNH:5
FNDA:0,stepLabel
FNDA:0,(anonymous_1)
FNDA:6,ArtifactTable
FNDA:6,(anonymous_3)
FNDA:1,(anonymous_4)
FNDA:6,BuildArtifactsSection
FNDA:6,(anonymous_6)
FNDA:0,(anonymous_7)
FNDA:0,(anonymous_8)
DA:16,0
DA:17,0
DA:18,0
DA:20,0
DA:30,6
DA:43,6
DA:58,1
DA:81,6
DA:82,6
DA:83,0
DA:86,6
DA:87,0
DA:92,6
DA:93,6
DA:94,6
DA:95,6
DA:96,0
DA:97,0
DA:98,0
DA:103,6
DA:104,0
DA:105,0
DA:106,0
DA:109,6
DA:118,0
LF:25
LH:12
BRDA:16,0,0,0
BRDA:16,0,1,0
BRDA:18,1,0,0
BRDA:18,1,1,0
BRDA:45,2,0,6
BRDA:45,2,1,6
BRDA:46,3,0,6
BRDA:46,3,1,0
BRDA:46,3,2,0
BRDA:53,4,0,6
BRDA:53,4,1,0
BRDA:57,5,0,1
BRDA:57,5,1,0
BRDA:81,6,0,0
BRDA:81,6,1,6
BRDA:82,7,0,0
BRDA:82,7,1,6
BRDA:86,8,0,0
BRDA:86,8,1,6
BRDA:86,9,0,6
BRDA:86,9,1,6
BRDA:95,10,0,0
BRDA:95,10,1,6
BRDA:96,11,0,0
BRDA:96,11,1,0
BRDA:104,12,0,0
BRDA:104,12,1,0
BRDA:105,13,0,0
BRDA:105,13,1,0
BRDA:111,14,0,6
BRDA:111,14,1,6
BRF:31
BRH:13
end_of_record
TN:
SF:src/components/Layout.tsx
FN:4,Layout
FN:18,(anonymous_1)
FN:26,(anonymous_2)
FN:34,(anonymous_3)
FN:42,(anonymous_4)
FNF:5
FNH:5
FNDA:2,Layout
FNDA:2,(anonymous_1)
FNDA:2,(anonymous_2)
FNDA:2,(anonymous_3)
FNDA:2,(anonymous_4)
DA:5,2
DA:7,2
DA:19,2
DA:27,2
DA:35,2
DA:43,2
LF:6
LH:6
BRDA:19,0,0,0
BRDA:19,0,1,2
BRDA:27,1,0,0
BRDA:27,1,1,2
BRDA:35,2,0,2
BRDA:35,2,1,0
BRDA:43,3,0,0
BRDA:43,3,1,2
BRDA:53,4,0,1
BRDA:53,4,1,1
BRDA:54,5,0,1
BRDA:54,5,1,1
BRF:12
BRH:8
end_of_record
TN:
SF:src/components/ManagedBuildImageFields.tsx
FN:21,ManagedBuildImageFields
FN:60,(anonymous_1)
FN:89,(anonymous_2)
FN:103,(anonymous_3)
FN:117,(anonymous_4)
FN:126,(anonymous_5)
FN:147,(anonymous_6)
FN:161,(anonymous_7)
FN:175,(anonymous_8)
FNF:9
FNH:5
FNDA:24,ManagedBuildImageFields
FNDA:2,(anonymous_1)
FNDA:1,(anonymous_2)
FNDA:0,(anonymous_3)
FNDA:1,(anonymous_4)
FNDA:11,(anonymous_5)
FNDA:0,(anonymous_6)
FNDA:0,(anonymous_7)
FNDA:0,(anonymous_8)
DA:28,24
DA:30,24
DA:60,2
DA:90,1
DA:104,0
DA:118,1
DA:127,11
DA:148,0
DA:162,0
DA:176,0
LF:10
LH:6
BRDA:25,0,0,24
BRDA:26,1,0,24
BRDA:28,2,0,15
BRDA:28,2,1,9
BRDA:45,3,0,15
BRDA:45,3,1,9
BRDA:65,4,0,24
BRDA:65,4,1,9
BRDA:74,5,0,24
BRDA:74,5,1,15
BRDA:122,6,0,4
BRDA:122,6,1,11
BRF:12
BRH:12
end_of_record
TN:
SF:src/components/StatusBadge.tsx
FN:3,statusLabel
FN:7,StatusBadge
FNF:2
FNH:2
FNDA:176,statusLabel
FNDA:176,StatusBadge
DA:4,176
DA:12,176
LF:2
LH:2
BRF:0
BRH:0
end_of_record
TN:
SF:src/components/StepList.tsx
FN:9,commandPreview
FN:30,bucketSteps
FN:50,StepList
FN:64,(anonymous_3)
FN:73,(anonymous_4)
FN:86,(anonymous_5)
FN:97,(anonymous_6)
FN:103,(anonymous_7)
FN:112,(anonymous_8)
FN:117,(anonymous_9)
FN:123,(anonymous_10)
FN:124,(anonymous_11)
FN:125,(anonymous_12)
FN:129,(anonymous_13)
FN:133,(anonymous_14)
FN:135,(anonymous_15)
FN:141,(anonymous_16)
FN:170,(anonymous_17)
FN:171,(anonymous_18)
FN:194,(anonymous_19)
FN:233,(anonymous_20)
FN:234,(anonymous_21)
FN:264,(anonymous_22)
FNF:23
FNH:7
FNDA:2,commandPreview
FNDA:2,bucketSteps
FNDA:8,StepList
FNDA:7,(anonymous_3)
FNDA:0,(anonymous_4)
FNDA:0,(anonymous_5)
FNDA:0,(anonymous_6)
FNDA:0,(anonymous_7)
FNDA:0,(anonymous_8)
FNDA:0,(anonymous_9)
FNDA:0,(anonymous_10)
FNDA:0,(anonymous_11)
FNDA:0,(anonymous_12)
FNDA:0,(anonymous_13)
FNDA:0,(anonymous_14)
FNDA:0,(anonymous_15)
FNDA:0,(anonymous_16)
FNDA:2,(anonymous_17)
FNDA:2,(anonymous_18)
FNDA:2,(anonymous_19)
FNDA:0,(anonymous_20)
FNDA:0,(anonymous_21)
FNDA:0,(anonymous_22)
DA:7,2
DA:10,2
DA:11,1
DA:14,1
DA:31,2
DA:32,2
DA:33,2
DA:34,2
DA:35,2
DA:36,2
DA:37,2
DA:38,0
DA:39,0
DA:41,2
DA:47,2
DA:57,8
DA:58,8
DA:61,8
DA:62,8
DA:64,8
DA:65,7
DA:66,7
DA:69,0
DA:70,0
DA:71,0
DA:73,0
DA:74,0
DA:75,0
DA:76,0
DA:78,0
DA:79,0
DA:80,0
DA:84,0
DA:86,0
DA:87,0
DA:88,0
DA:91,0
DA:93,0
DA:97,0
DA:98,0
DA:99,0
DA:100,0
DA:102,0
DA:103,0
DA:104,0
DA:105,0
DA:112,0
DA:113,0
DA:114,0
DA:115,0
DA:117,0
DA:118,0
DA:123,0
DA:124,0
DA:125,0
DA:127,0
DA:128,0
DA:129,0
DA:130,0
DA:131,0
DA:133,0
DA:135,0
DA:139,0
DA:141,0
DA:142,0
DA:143,0
DA:147,8
DA:148,6
DA:151,2
DA:153,2
DA:171,2
DA:172,2
DA:175,2
DA:195,2
DA:196,2
DA:197,2
DA:198,2
DA:200,2
DA:234,0
DA:235,0
DA:266,0
LF:81
LH:32
BRDA:10,0,0,1
BRDA:10,0,1,1
BRDA:33,1,0,2
BRDA:33,1,1,2
BRDA:34,2,0,2
BRDA:34,2,1,0
BRDA:35,3,0,2
BRDA:35,3,1,2
BRDA:37,4,0,0
BRDA:37,4,1,2
BRDA:37,5,0,2
BRDA:37,5,1,0
BRDA:65,6,0,7
BRDA:65,6,1,0
BRDA:74,7,0,0
BRDA:74,7,1,0
BRDA:78,8,0,0
BRDA:78,8,1,0
BRDA:87,9,0,0
BRDA:87,9,1,0
BRDA:99,10,0,0
BRDA:99,10,1,0
BRDA:104,11,0,0
BRDA:104,11,1,0
BRDA:114,12,0,0
BRDA:114,12,1,0
BRDA:147,13,0,6
BRDA:147,13,1,2
BRDA:177,14,0,2
BRDA:177,14,1,0
BRDA:183,15,0,0
BRDA:183,15,1,0
BRDA:185,16,0,0
BRDA:185,16,1,0
BRDA:196,17,0,2
BRDA:196,17,1,2
BRDA:197,18,0,2
BRDA:197,18,1,2
BRDA:204,19,0,0
BRDA:204,19,1,2
BRDA:211,20,0,0
BRDA:211,20,1,2
BRDA:225,21,0,2
BRDA:225,21,1,2
BRDA:228,22,0,2
BRDA:228,22,1,2
BRDA:235,23,0,0
BRDA:235,23,1,0
BRDA:239,24,0,0
BRDA:239,24,1,2
BRDA:243,25,0,2
BRDA:243,25,1,2
BRDA:246,26,0,2
BRDA:246,26,1,0
BRDA:250,27,0,0
BRDA:250,27,1,0
BRDA:253,28,0,0
BRDA:253,28,1,0
BRDA:258,29,0,0
BRDA:258,29,1,0
BRDA:258,29,2,0
BRDA:258,29,3,0
BRDA:261,30,0,0
BRDA:261,30,1,0
BRDA:261,30,2,0
BRF:65
BRH:27
end_of_record
TN:
SF:src/components/VersionTagEditor.tsx
FN:12,VersionTagEditor
FN:23,handleSubmit
FN:53,(anonymous_2)
FN:71,(anonymous_3)
FNF:4
FNH:4
FNDA:20,VersionTagEditor
FNDA:2,handleSubmit
FNDA:20,(anonymous_2)
FNDA:2,(anonymous_3)
DA:19,20
DA:20,20
DA:21,20
DA:24,2
DA:25,2
DA:27,2
DA:28,2
DA:29,0
DA:30,0
DA:33,2
DA:34,2
DA:35,2
DA:36,2
DA:37,2
DA:39,0
DA:45,2
DA:49,20
DA:54,20
DA:71,2
LF:19
LH:16
BRDA:16,0,0,20
BRDA:25,1,0,0
BRDA:25,1,1,2
BRDA:28,2,0,0
BRDA:28,2,1,2
BRDA:40,3,0,0
BRDA:40,3,1,0
BRDA:52,4,0,20
BRDA:52,4,1,0
BRDA:63,5,0,20
BRDA:63,5,1,20
BRDA:76,6,0,2
BRDA:76,6,1,18
BRDA:81,7,0,20
BRDA:81,7,1,0
BRF:15
BRH:9
end_of_record
TN:
SF:src/pages/ArtifactsPage.tsx
FN:36,parseArtifactTypeParam
FN:48,parsePositiveInt
FN:59,parsePageSizeParam
FN:67,buildCanonicalSearchParams
FN:93,ArtifactsPage
FN:109,(anonymous_5)
FN:113,(anonymous_6)
FN:118,(anonymous_7)
FN:122,(anonymous_8)
FN:125,(anonymous_9)
FN:134,(anonymous_10)
FN:155,(anonymous_11)
FN:171,(anonymous_12)
FN:186,(anonymous_13)
FN:194,assignArtifactVersion
FN:201,handleSearchChange
FN:202,(anonymous_16)
FN:212,handleTypeChange
FN:213,(anonymous_18)
FN:223,handlePageSizeChange
FN:224,(anonymous_20)
FN:234,handleClearFilters
FN:238,goToPage
FN:240,(anonymous_23)
FN:249,handlePageJumpSubmit
FN:264,handleCopyLink
FN:335,(anonymous_26)
FN:343,(anonymous_27)
FN:347,(anonymous_28)
FN:374,(anonymous_29)
FN:379,(anonymous_30)
FN:389,(anonymous_31)
FN:422,(anonymous_32)
FNF:33
FNH:32
FNDA:42,parseArtifactTypeParam
FNDA:84,parsePositiveInt
FNDA:42,parsePageSizeParam
FNDA:7,buildCanonicalSearchParams
FNDA:35,ArtifactsPage
FNDA:22,(anonymous_5)
FNDA:13,(anonymous_6)
FNDA:1,(anonymous_7)
FNDA:1,(anonymous_8)
FNDA:15,(anonymous_9)
FNDA:7,(anonymous_10)
FNDA:20,(anonymous_11)
FNDA:1,(anonymous_12)
FNDA:1,(anonymous_13)
FNDA:1,assignArtifactVersion
FNDA:3,handleSearchChange
FNDA:3,(anonymous_16)
FNDA:1,handleTypeChange
FNDA:1,(anonymous_18)
FNDA:1,handlePageSizeChange
FNDA:1,(anonymous_20)
FNDA:1,handleClearFilters
FNDA:2,goToPage
FNDA:2,(anonymous_23)
FNDA:1,handlePageJumpSubmit
FNDA:1,handleCopyLink
FNDA:3,(anonymous_26)
FNDA:1,(anonymous_27)
FNDA:175,(anonymous_28)
FNDA:1,(anonymous_29)
FNDA:105,(anonymous_30)
FNDA:0,(anonymous_31)
FNDA:1,(anonymous_32)
DA:24,1
DA:32,1
DA:33,1
DA:34,1
DA:37,42
DA:43,6
DA:45,36
DA:49,84
DA:50,60
DA:52,24
DA:53,24
DA:54,0
DA:56,24
DA:60,42
DA:61,42
DA:62,42
DA:64,0
DA:68,7
DA:70,7
DA:71,7
DA:72,4
DA:75,7
DA:76,7
DA:77,1
DA:80,7
DA:81,7
DA:82,2
DA:85,7
DA:86,7
DA:87,2
DA:90,7
DA:94,35
DA:95,35
DA:96,35
DA:97,35
DA:98,35
DA:99,35
DA:100,35
DA:101,35
DA:104,35
DA:105,35
DA:106,35
DA:107,35
DA:108,35
DA:109,35
DA:110,22
DA:113,35
DA:114,13
DA:115,12
DA:118,1
DA:119,1
DA:122,1
DA:125,35
DA:126,15
DA:130,15
DA:134,35
DA:136,7
DA:137,7
DA:138,7
DA:140,7
DA:141,7
DA:152,35
DA:155,20
DA:165,35
DA:166,35
DA:167,35
DA:168,35
DA:170,35
DA:178,1
DA:179,0
DA:181,1
DA:187,1
DA:188,1
DA:198,1
DA:202,3
DA:203,3
DA:204,3
DA:206,0
DA:208,3
DA:213,1
DA:214,1
DA:215,1
DA:217,0
DA:219,1
DA:224,1
DA:225,1
DA:226,0
DA:228,1
DA:230,1
DA:235,1
DA:239,2
DA:240,2
DA:241,2
DA:242,0
DA:244,2
DA:250,1
DA:251,1
DA:252,1
DA:254,1
DA:255,1
DA:256,0
DA:257,0
DA:259,0
DA:261,1
DA:265,1
DA:266,1
DA:268,1
DA:269,1
DA:270,0
DA:272,1
DA:273,1
DA:275,0
DA:279,35
DA:335,3
DA:344,1
DA:348,175
DA:375,1
DA:380,105
DA:389,0
DA:422,1
LF:120
LH:107
BRDA:37,0,0,6
BRDA:37,0,1,36
BRDA:38,1,0,42
BRDA:38,1,1,36
BRDA:38,1,2,36
BRDA:38,1,3,36
BRDA:49,2,0,60
BRDA:49,2,1,24
BRDA:53,3,0,0
BRDA:53,3,1,24
BRDA:53,4,0,24
BRDA:53,4,1,24
BRDA:61,5,0,42
BRDA:61,5,1,0
BRDA:71,6,0,4
BRDA:71,6,1,3
BRDA:76,7,0,1
BRDA:76,7,1,6
BRDA:81,8,0,2
BRDA:81,8,1,5
BRDA:86,9,0,2
BRDA:86,9,1,5
BRDA:97,10,0,35
BRDA:97,10,1,20
BRDA:107,11,0,35
BRDA:107,11,1,20
BRDA:108,12,0,15
BRDA:108,12,1,20
BRDA:108,13,0,5
BRDA:108,13,1,30
BRDA:114,14,0,12
BRDA:114,14,1,1
BRDA:126,15,0,15
BRDA:126,15,1,0
BRDA:127,16,0,15
BRDA:127,16,1,15
BRDA:140,17,0,7
BRDA:140,17,1,0
BRDA:165,18,0,35
BRDA:165,18,1,11
BRDA:166,19,0,35
BRDA:166,19,1,11
BRDA:178,20,0,0
BRDA:178,20,1,1
BRDA:203,21,0,3
BRDA:203,21,1,0
BRDA:214,22,0,1
BRDA:214,22,1,0
BRDA:225,23,0,0
BRDA:225,23,1,1
BRDA:241,24,0,0
BRDA:241,24,1,2
BRDA:254,25,0,1
BRDA:254,25,1,0
BRDA:255,26,0,0
BRDA:255,26,1,1
BRDA:255,27,0,1
BRDA:255,27,1,1
BRDA:256,28,0,0
BRDA:256,28,1,0
BRDA:265,29,0,1
BRDA:265,29,1,0
BRDA:269,30,0,0
BRDA:269,30,1,1
BRDA:286,31,0,16
BRDA:286,31,1,19
BRDA:299,32,0,35
BRDA:299,32,1,1
BRDA:302,33,0,35
BRDA:302,33,1,0
BRDA:315,34,0,15
BRDA:315,34,1,20
BRDA:316,35,0,10
BRDA:316,35,1,5
BRDA:318,36,0,8
BRDA:318,36,1,27
BRDA:318,37,0,35
BRDA:318,37,1,19
BRDA:325,38,0,35
BRDA:325,38,1,15
BRDA:348,39,0,175
BRDA:348,39,1,35
BRDA:361,40,0,23
BRDA:361,40,1,12
BRDA:362,41,0,9
BRDA:362,41,1,14
BRDA:363,42,0,4
BRDA:363,42,1,8
BRDA:365,43,0,1
BRDA:365,43,1,7
BRDA:390,44,0,35
BRDA:390,44,1,11
BRDA:423,45,0,35
BRDA:423,45,1,9
BRF:94
BRH:78
end_of_record
TN:
SF:src/pages/BuildDetailPage.tsx
FN:21,shortSHA
FN:27,triggerKind
FN:31,compactTriggerMetadata
FN:45,BuildDetailPage
FN:56,(anonymous_4)
FN:58,(anonymous_5)
FN:72,(anonymous_6)
FN:85,(anonymous_7)
FN:93,(anonymous_8)
FN:109,(anonymous_9)
FN:124,assignArtifactVersion
FN:135,assignManagedImageVersion
FNF:12
FNH:11
FNDA:18,shortSHA
FNDA:12,triggerKind
FNDA:6,compactTriggerMetadata
FNDA:11,BuildDetailPage
FNDA:6,(anonymous_4)
FNDA:34,(anonymous_5)
FNDA:5,(anonymous_6)
FNDA:6,(anonymous_7)
FNDA:1,(anonymous_8)
FNDA:1,(anonymous_9)
FNDA:1,assignArtifactVersion
FNDA:0,assignManagedImageVersion
DA:22,18
DA:23,18
DA:24,18
DA:28,12
DA:32,6
DA:33,6
DA:34,6
DA:35,6
DA:36,6
DA:38,6
DA:39,6
DA:40,6
DA:41,6
DA:42,6
DA:46,11
DA:47,11
DA:53,11
DA:56,6
DA:59,34
DA:60,34
DA:69,11
DA:72,5
DA:82,11
DA:85,6
DA:92,11
DA:97,1
DA:110,1
DA:111,1
DA:115,11
DA:116,6
DA:117,6
DA:120,6
DA:122,6
DA:125,1
DA:126,0
DA:128,1
DA:136,0
DA:137,0
DA:139,0
DA:146,6
LF:40
LH:36
BRDA:22,0,0,18
BRDA:22,0,1,0
BRDA:23,1,0,0
BRDA:23,1,1,18
BRDA:28,2,0,12
BRDA:28,2,1,0
BRDA:28,3,0,12
BRDA:28,3,1,0
BRDA:33,4,0,6
BRDA:33,4,1,0
BRDA:34,5,0,6
BRDA:34,5,1,0
BRDA:35,6,0,6
BRDA:35,6,1,0
BRDA:36,7,0,6
BRDA:36,7,1,0
BRDA:38,8,0,6
BRDA:38,8,1,0
BRDA:39,9,0,6
BRDA:39,9,1,0
BRDA:40,10,0,6
BRDA:40,10,1,0
BRDA:41,11,0,6
BRDA:41,11,1,0
BRDA:60,12,0,0
BRDA:60,12,1,34
BRDA:74,13,0,0
BRDA:74,13,1,11
BRDA:87,14,0,0
BRDA:87,14,1,11
BRDA:115,15,0,5
BRDA:115,15,1,6
BRDA:116,16,0,0
BRDA:116,16,1,6
BRDA:120,17,0,0
BRDA:120,17,1,6
BRDA:125,18,0,0
BRDA:125,18,1,1
BRDA:136,19,0,0
BRDA:136,19,1,0
BRDA:136,20,0,0
BRDA:136,20,1,0
BRDA:149,21,0,6
BRDA:149,21,1,6
BRDA:175,22,0,11
BRDA:175,22,1,0
BRDA:180,23,0,6
BRDA:180,23,1,0
BRDA:220,24,0,11
BRDA:220,24,1,6
BRDA:226,25,0,11
BRDA:226,25,1,6
BRDA:232,26,0,11
BRDA:232,26,1,6
BRDA:238,27,0,11
BRDA:238,27,1,6
BRDA:244,28,0,11
BRDA:244,28,1,6
BRDA:250,29,0,11
BRDA:250,29,1,6
BRDA:256,30,0,6
BRDA:256,30,1,0
BRDA:256,31,0,11
BRDA:256,31,1,6
BRDA:256,31,2,6
BRDA:273,32,0,0
BRDA:273,32,1,0
BRDA:279,33,0,11
BRDA:279,33,1,6
BRDA:283,34,0,11
BRDA:283,34,1,6
BRDA:293,35,0,6
BRDA:293,35,1,0
BRDA:297,36,0,6
BRDA:297,36,1,0
BRDA:300,37,0,6
BRDA:300,37,1,0
BRDA:306,38,0,11
BRDA:306,38,1,0
BRDA:307,39,0,11
BRDA:307,39,1,0
BRDA:310,40,0,11
BRDA:310,40,1,6
BRDA:314,41,0,11
BRDA:314,41,1,0
BRDA:318,42,0,6
BRDA:318,42,1,0
BRF:87
BRH:53
end_of_record
TN:
SF:src/pages/BuildsListPage.tsx
FN:13,shortSHA
FN:19,triggerKind
FN:23,compactTriggerMetadata
FN:37,BuildsListPage
FN:46,(anonymous_4)
FN:52,(anonymous_5)
FN:94,(anonymous_6)
FNF:7
FNH:7
FNDA:1,shortSHA
FNDA:2,triggerKind
FNDA:1,compactTriggerMetadata
FNDA:6,BuildsListPage
FNDA:18,(anonymous_4)
FNDA:2,(anonymous_5)
FNDA:1,(anonymous_6)
DA:14,1
DA:15,1
DA:16,1
DA:20,2
DA:24,1
DA:25,1
DA:26,1
DA:27,1
DA:28,1
DA:30,1
DA:31,1
DA:32,1
DA:33,1
DA:34,1
DA:42,6
DA:47,18
DA:48,18
DA:49,16
DA:52,2
DA:58,6
DA:95,1
LF:21
LH:21
BRDA:14,0,0,1
BRDA:14,0,1,0
BRDA:15,1,0,0
BRDA:15,1,1,1
BRDA:20,2,0,2
BRDA:20,2,1,0
BRDA:20,3,0,2
BRDA:20,3,1,0
BRDA:25,4,0,1
BRDA:25,4,1,0
BRDA:26,5,0,1
BRDA:26,5,1,0
BRDA:27,6,0,1
BRDA:27,6,1,0
BRDA:28,7,0,1
BRDA:28,7,1,0
BRDA:30,8,0,1
BRDA:30,8,1,0
BRDA:31,9,0,1
BRDA:31,9,1,0
BRDA:32,10,0,1
BRDA:32,10,1,0
BRDA:33,11,0,1
BRDA:33,11,1,0
BRDA:48,12,0,16
BRDA:48,12,1,2
BRDA:48,13,0,18
BRDA:48,13,1,6
BRDA:52,14,0,0
BRDA:52,14,1,2
BRDA:64,15,0,3
BRDA:64,15,1,3
BRDA:69,16,0,6
BRDA:69,16,1,3
BRDA:70,17,0,6
BRDA:70,17,1,0
BRDA:73,18,0,6
BRDA:73,18,1,3
BRDA:73,18,2,3
BRDA:73,18,3,3
BRDA:73,18,4,2
BRDA:77,19,0,6
BRDA:77,19,1,3
BRDA:77,19,2,1
BRDA:114,20,0,1
BRDA:114,20,1,0
BRDA:118,21,0,1
BRDA:118,21,1,1
BRF:48
BRH:33
end_of_record
TN:
SF:src/pages/CredentialsPage.tsx
FN:11,CredentialsPage
FN:27,(anonymous_1)
FN:32,(anonymous_2)
FN:33,(anonymous_3)
FN:38,(anonymous_4)
FN:43,(anonymous_5)
FN:44,(anonymous_6)
FN:47,(anonymous_7)
FN:50,(anonymous_8)
FN:84,(anonymous_9)
FN:93,(anonymous_10)
FN:106,(anonymous_11)
FN:115,(anonymous_12)
FN:151,(anonymous_13)
FN:161,(anonymous_14)
FNF:15
FNH:11
FNDA:8,CredentialsPage
FNDA:3,(anonymous_1)
FNDA:1,(anonymous_2)
FNDA:1,(anonymous_3)
FNDA:0,(anonymous_4)
FNDA:1,(anonymous_5)
FNDA:1,(anonymous_6)
FNDA:0,(anonymous_7)
FNDA:1,(anonymous_8)
FNDA:1,(anonymous_9)
FNDA:0,(anonymous_10)
FNDA:0,(anonymous_11)
FNDA:1,(anonymous_12)
FNDA:7,(anonymous_13)
FNDA:1,(anonymous_14)
DA:12,8
DA:13,8
DA:14,8
DA:15,8
DA:17,8
DA:19,8
DA:24,8
DA:27,3
DA:30,8
DA:32,1
DA:34,1
DA:35,1
DA:36,1
DA:38,0
DA:41,8
DA:43,1
DA:45,1
DA:47,0
DA:50,8
DA:51,1
DA:53,1
DA:54,0
DA:55,0
DA:58,1
DA:67,8
DA:84,1
DA:94,0
DA:106,0
DA:115,1
DA:152,7
DA:161,1
LF:31
LH:25
BRDA:53,0,0,0
BRDA:53,0,1,1
BRDA:53,1,0,1
BRDA:53,1,1,1
BRDA:62,2,0,1
BRDA:62,2,1,0
BRDA:75,3,0,8
BRDA:75,3,1,0
BRDA:108,4,0,8
BRDA:108,4,1,7
BRDA:122,5,0,1
BRDA:122,5,1,7
BRDA:130,6,0,8
BRDA:130,6,1,1
BRDA:131,7,0,8
BRDA:131,7,1,0
BRDA:136,8,0,8
BRDA:136,8,1,7
BRDA:136,8,2,0
BRDA:139,9,0,8
BRDA:139,9,1,7
BRDA:139,9,2,7
BRF:22
BRH:17
end_of_record
TN:
SF:src/pages/JobCreatePage.tsx
FN:18,JobCreatePage
FN:43,(anonymous_1)
FN:48,(anonymous_2)
FN:51,(anonymous_3)
FN:54,(anonymous_4)
FN:59,(anonymous_5)
FN:154,(anonymous_6)
FN:163,(anonymous_7)
FN:172,(anonymous_8)
FN:181,(anonymous_9)
FN:191,(anonymous_10)
FN:203,(anonymous_11)
FN:218,(anonymous_12)
FN:228,(anonymous_13)
FN:240,(anonymous_14)
FN:253,(anonymous_15)
FN:265,(anonymous_16)
FN:266,(anonymous_17)
FN:278,(anonymous_18)
FNF:19
FNH:11
FNDA:9,JobCreatePage
FNDA:1,(anonymous_1)
FNDA:1,(anonymous_2)
FNDA:1,(anonymous_3)
FNDA:0,(anonymous_4)
FNDA:1,(anonymous_5)
FNDA:1,(anonymous_6)
FNDA:1,(anonymous_7)
FNDA:1,(anonymous_8)
FNDA:1,(anonymous_9)
FNDA:0,(anonymous_10)
FNDA:0,(anonymous_11)
FNDA:0,(anonymous_12)
FNDA:0,(anonymous_13)
FNDA:0,(anonymous_14)
FNDA:0,(anonymous_15)
FNDA:2,(anonymous_16)
FNDA:2,(anonymous_17)
FNDA:0,(anonymous_18)
DA:12,1
DA:19,9
DA:20,9
DA:21,9
DA:22,9
DA:23,9
DA:24,9
DA:25,9
DA:26,9
DA:27,9
DA:28,9
DA:29,9
DA:38,9
DA:39,9
DA:41,9
DA:43,1
DA:46,9
DA:49,1
DA:52,1
DA:55,0
DA:59,9
DA:60,1
DA:62,1
DA:63,1
DA:64,1
DA:65,1
DA:66,1
DA:68,1
DA:74,0
DA:77,0
DA:80,1
DA:86,0
DA:89,0
DA:92,1
DA:104,1
DA:105,1
DA:106,1
DA:107,0
DA:108,0
DA:110,1
DA:122,0
DA:123,0
DA:124,0
DA:125,0
DA:127,0
DA:141,9
DA:154,1
DA:163,1
DA:172,1
DA:181,1
DA:191,0
DA:203,0
DA:218,0
DA:228,0
DA:240,0
DA:253,0
DA:266,2
DA:278,0
LF:58
LH:39
BRDA:41,0,0,9
BRDA:68,1,0,0
BRDA:68,1,1,1
BRDA:69,2,0,1
BRDA:69,2,1,1
BRDA:69,2,2,1
BRDA:69,2,3,1
BRDA:80,3,0,0
BRDA:80,3,1,1
BRDA:81,4,0,1
BRDA:81,4,1,1
BRDA:81,4,2,1
BRDA:81,4,3,1
BRDA:92,5,0,1
BRDA:92,5,1,0
BRDA:104,6,0,1
BRDA:104,6,1,0
BRDA:106,7,0,0
BRDA:106,7,1,1
BRDA:116,8,0,0
BRDA:116,8,1,1
BRDA:123,9,0,0
BRDA:123,9,1,0
BRDA:133,10,0,0
BRDA:133,10,1,0
BRDA:197,11,0,9
BRDA:197,11,1,0
BRDA:234,12,0,9
BRDA:234,12,1,9
BRDA:247,13,0,9
BRDA:247,13,1,0
BRDA:285,14,0,1
BRDA:285,14,1,8
BRDA:289,15,0,9
BRDA:289,15,1,0
BRF:35
BRH:22
end_of_record
TN:
SF:src/pages/JobDetailPage.tsx
FN:19,JobDetailPage
FN:29,(anonymous_1)
FN:39,(anonymous_2)
FN:144,(anonymous_3)
FN:165,JobDetailForm
FN:197,(anonymous_5)
FN:201,(anonymous_6)
FN:237,(anonymous_7)
FN:241,(anonymous_8)
FN:246,(anonymous_9)
FN:252,(anonymous_10)
FN:253,(anonymous_11)
FN:257,(anonymous_12)
FN:264,(anonymous_13)
FN:269,(anonymous_14)
FN:311,(anonymous_15)
FN:319,(anonymous_16)
FN:327,(anonymous_17)
FN:336,(anonymous_18)
FN:346,(anonymous_19)
FN:359,(anonymous_20)
FN:369,(anonymous_21)
FN:381,(anonymous_22)
FN:394,(anonymous_23)
FN:406,(anonymous_24)
FN:407,(anonymous_25)
FN:419,(anonymous_26)
FN:432,(anonymous_27)
FNF:28
FNH:17
FNDA:10,JobDetailPage
FNDA:6,(anonymous_1)
FNDA:4,(anonymous_2)
FNDA:0,(anonymous_3)
FNDA:17,JobDetailForm
FNDA:4,(anonymous_5)
FNDA:2,(anonymous_6)
FNDA:2,(anonymous_7)
FNDA:2,(anonymous_8)
FNDA:0,(anonymous_9)
FNDA:2,(anonymous_10)
FNDA:2,(anonymous_11)
FNDA:1,(anonymous_12)
FNDA:1,(anonymous_13)
FNDA:2,(anonymous_14)
FNDA:1,(anonymous_15)
FNDA:0,(anonymous_16)
FNDA:0,(anonymous_17)
FNDA:0,(anonymous_18)
FNDA:0,(anonymous_19)
FNDA:0,(anonymous_20)
FNDA:0,(anonymous_21)
FNDA:0,(anonymous_22)
FNDA:0,(anonymous_23)
FNDA:2,(anonymous_24)
FNDA:2,(anonymous_25)
FNDA:0,(anonymous_26)
FNDA:2,(anonymous_27)
DA:20,10
DA:26,10
DA:29,6
DA:36,10
DA:39,4
DA:44,10
DA:45,4
DA:48,6
DA:49,0
DA:52,6
DA:53,0
DA:56,6
DA:145,0
DA:166,17
DA:167,17
DA:168,17
DA:169,17
DA:170,17
DA:171,17
DA:172,17
DA:173,17
DA:176,17
DA:177,17
DA:180,17
DA:191,17
DA:192,17
DA:193,17
DA:195,17
DA:197,4
DA:200,17
DA:202,2
DA:214,2
DA:224,2
DA:225,2
DA:231,0
DA:238,2
DA:239,2
DA:242,2
DA:243,2
DA:244,2
DA:247,0
DA:251,17
DA:252,2
DA:254,2
DA:255,2
DA:258,1
DA:259,1
DA:260,1
DA:262,0
DA:265,1
DA:269,17
DA:270,2
DA:272,2
DA:273,0
DA:274,0
DA:277,2
DA:278,0
DA:279,0
DA:282,2
DA:283,0
DA:284,0
DA:287,2
DA:293,0
DA:296,0
DA:299,2
DA:302,17
DA:304,17
DA:311,1
DA:319,0
DA:327,0
DA:336,0
DA:346,0
DA:359,0
DA:369,0
DA:381,0
DA:394,0
DA:407,2
DA:419,0
DA:432,2
LF:79
LH:56
BRDA:44,0,0,4
BRDA:44,0,1,6
BRDA:48,1,0,0
BRDA:48,1,1,6
BRDA:52,2,0,0
BRDA:52,2,1,6
BRDA:52,3,0,6
BRDA:52,3,1,6
BRDA:62,4,0,6
BRDA:62,4,1,0
BRDA:78,5,0,6
BRDA:78,5,1,0
BRDA:83,6,0,6
BRDA:83,6,1,0
BRDA:83,7,0,6
BRDA:83,7,1,0
BRDA:88,8,0,0
BRDA:88,8,1,6
BRDA:90,9,0,10
BRDA:90,9,1,0
BRDA:98,10,0,6
BRDA:98,10,1,0
BRDA:100,11,0,10
BRDA:100,11,1,6
BRDA:124,12,0,10
BRDA:124,12,1,0
BRDA:125,13,0,10
BRDA:125,13,1,0
BRDA:130,14,0,10
BRDA:130,14,1,6
BRDA:130,14,2,6
BRDA:130,14,3,6
BRDA:130,14,4,6
BRDA:133,15,0,10
BRDA:133,15,1,6
BRDA:133,15,2,0
BRDA:172,16,0,17
BRDA:172,16,1,0
BRDA:174,17,0,0
BRDA:174,17,1,17
BRDA:178,18,0,17
BRDA:178,18,1,17
BRDA:181,19,0,17
BRDA:181,19,1,0
BRDA:182,20,0,17
BRDA:182,20,1,0
BRDA:183,21,0,17
BRDA:183,21,1,0
BRDA:184,22,0,17
BRDA:184,22,1,0
BRDA:186,23,0,17
BRDA:186,23,1,0
BRDA:187,24,0,17
BRDA:187,24,1,0
BRDA:189,25,0,17
BRDA:189,25,1,0
BRDA:195,26,0,17
BRDA:202,27,0,1
BRDA:202,27,1,1
BRDA:219,28,0,2
BRDA:219,28,1,0
BRDA:224,29,0,2
BRDA:224,29,1,0
BRDA:258,30,0,1
BRDA:258,30,1,0
BRDA:272,31,0,0
BRDA:272,31,1,2
BRDA:272,32,0,2
BRDA:272,32,1,2
BRDA:272,32,2,2
BRDA:277,33,0,0
BRDA:277,33,1,2
BRDA:277,34,0,2
BRDA:277,34,1,2
BRDA:282,35,0,0
BRDA:282,35,1,2
BRDA:282,36,0,2
BRDA:282,36,1,0
BRDA:287,37,0,0
BRDA:287,37,1,2
BRDA:288,38,0,2
BRDA:288,38,1,1
BRDA:288,38,2,1
BRDA:288,38,3,1
BRDA:302,39,0,17
BRDA:302,39,1,15
BRDA:375,40,0,17
BRDA:375,40,1,17
BRDA:388,41,0,17
BRDA:388,41,1,0
BRDA:427,42,0,2
BRDA:427,42,1,15
BRDA:435,43,0,0
BRDA:435,43,1,17
BRDA:440,44,0,17
BRDA:440,44,1,6
BRDA:441,45,0,17
BRDA:441,45,1,1
BRF:98
BRH:67
end_of_record
TN:
SF:src/pages/JobsListPage.tsx
FN:8,JobsListPage
FN:23,(anonymous_1)
FN:24,(anonymous_2)
FN:27,(anonymous_3)
FN:34,(anonymous_4)
FN:87,(anonymous_5)
FN:122,(anonymous_6)
FNF:7
FNH:7
FNDA:10,JobsListPage
FNDA:2,(anonymous_1)
FNDA:2,(anonymous_2)
FNDA:1,(anonymous_3)
FNDA:1,(anonymous_4)
FNDA:7,(anonymous_5)
FNDA:2,(anonymous_6)
DA:9,10
DA:10,10
DA:16,10
DA:22,10
DA:23,2
DA:25,2
DA:28,1
DA:29,1
DA:30,1
DA:32,0
DA:35,1
DA:39,10
DA:88,7
DA:122,2
LF:14
LH:13
BRDA:28,0,0,1
BRDA:28,0,1,0
BRDA:46,1,0,7
BRDA:46,1,1,3
BRDA:56,2,0,10
BRDA:56,2,1,1
BRDA:57,3,0,10
BRDA:57,3,1,3
BRDA:58,4,0,10
BRDA:58,4,1,0
BRDA:62,5,0,10
BRDA:62,5,1,7
BRDA:62,5,2,7
BRDA:62,5,3,7
BRDA:62,5,4,0
BRDA:72,6,0,10
BRDA:72,6,1,7
BRDA:72,6,2,7
BRDA:92,7,0,7
BRDA:92,7,1,0
BRDA:94,8,0,7
BRDA:94,8,1,0
BRDA:95,9,0,7
BRDA:95,9,1,0
BRDA:101,10,0,7
BRDA:101,10,1,0
BRDA:125,11,0,2
BRDA:125,11,1,5
BRDA:125,12,0,7
BRDA:125,12,1,2
BRF:30
BRH:23
end_of_record
TN:
SF:src/test/browserMocks.ts
FN:1,installMockLocalStorage
FN:5,(anonymous_1)
FN:8,(anonymous_2)
FN:11,(anonymous_3)
FN:14,(anonymous_4)
FN:17,(anonymous_5)
FN:20,(anonymous_6)
FNF:7
FNH:5
FNDA:14,installMockLocalStorage
FNDA:0,(anonymous_1)
FNDA:14,(anonymous_2)
FNDA:17,(anonymous_3)
FNDA:0,(anonymous_4)
FNDA:12,(anonymous_5)
FNDA:6,(anonymous_6)
DA:2,14
DA:4,14
DA:6,0
DA:9,14
DA:12,17
DA:15,0
DA:18,12
DA:21,6
DA:25,14
DA:31,14
LF:10
LH:8
BRDA:12,0,0,4
BRDA:12,0,1,13
BRDA:15,1,0,0
BRDA:15,1,1,0
BRF:4
BRH:2
end_of_record
TN:
SF:src/utils/build.ts
FN:7,isActiveBuild
FNF:1
FNH:1
FNDA:58,isActiveBuild
DA:3,2
DA:4,2
DA:8,58
DA:9,28
LF:4
LH:4
BRDA:8,0,0,30
BRDA:8,0,1,28
BRF:2
BRH:2
end_of_record
TN:
SF:src/utils/format.ts
FN:4,formatFileSize
FNF:1
FNH:1
FNDA:157,formatFileSize
DA:1,2
DA:5,157
DA:6,157
DA:10,157
DA:11,157
LF:5
LH:5
BRDA:5,0,0,0
BRDA:5,0,1,157
BRDA:11,1,0,6
BRDA:11,1,1,151
BRF:4
BRH:3
end_of_record
TN:
SF:src/utils/time.ts
FN:11,formatTime
FNF:1
FNH:1
FNDA:268,formatTime
DA:1,8
DA:12,268
DA:14,261
DA:15,261
DA:16,0
DA:19,261
LF:6
LH:5
BRDA:12,0,0,7
BRDA:12,0,1,261
BRDA:15,1,0,0
BRDA:15,1,1,261
BRF:4
BRH:3
end_of_record
